<?xml version="1.0" encoding="UTF-8"?>
<!-- Generated by org.testng.reporters.JUnitReportReporter -->
<testsuite skipped="0" hostname="Mds-MacBook-Pro-2.local" name="pageobjectstest.HomePageTest" tests="1" failures="0" timestamp="10 Sep 2019 23:52:30 GMT" time="6.990" errors="0">
  <testcase name="searchTest" time="6.990" classname="pageobjectstest.HomePageTest"/>
</testsuite> <!-- pageobjectstest.HomePageTest -->
