<?xml version="1.0" encoding="UTF-8"?>
<!-- Generated by org.testng.reporters.JUnitReportReporter -->
<testsuite skipped="0" hostname="Mds-MacBook-Pro-2.local" name="pageobjectstest.LoginPageTest" tests="3" failures="0" timestamp="17 Sep 2019 22:37:29 GMT" time="23.692" errors="0">
  <testcase name="loginTest" time="8.825" classname="pageobjectstest.LoginPageTest"/>
  <testcase name="loginTest" time="7.416" classname="pageobjectstest.LoginPageTest"/>
  <testcase name="loginTest" time="7.451" classname="pageobjectstest.LoginPageTest"/>
</testsuite> <!-- pageobjectstest.LoginPageTest -->
